[2026-02-17 17:30:02] Local: v0.5.1, VPS: v0.5.1
[2026-02-17 17:30:02] OK - Versions match (v0.5.1)
[2026-02-17 18:00:03] Local: v0.5.1, VPS: v0.5.1
[2026-02-17 18:00:03] OK - Versions match (v0.5.1)
[2026-02-17 18:30:03] Local: v0.5.1, VPS: v0.5.1
[2026-02-17 18:30:03] OK - Versions match (v0.5.1)
[2026-02-17 19:00:02] Local: v0.5.1, VPS: v0.5.1
[2026-02-17 19:00:02] OK - Versions match (v0.5.1)
[2026-02-17 19:30:02] Local: v0.5.1, VPS: v0.5.1
[2026-02-17 19:30:02] OK - Versions match (v0.5.1)
[2026-02-18 06:00:03] Local: v0.5.1, VPS: v0.5.1
[2026-02-18 06:00:03] OK - Versions match (v0.5.1)
[2026-02-18 06:30:02] Local: v0.5.1, VPS: v0.5.1
[2026-02-18 06:30:02] OK - Versions match (v0.5.1)
[2026-02-18 07:00:02] Local: v0.5.1, VPS: v0.5.1
[2026-02-18 07:00:02] OK - Versions match (v0.5.1)
[2026-02-18 07:30:02] Local: v0.5.1, VPS: v0.5.1
[2026-02-18 07:30:02] OK - Versions match (v0.5.1)
[2026-02-18 08:00:02] Local: v0.5.1, VPS: v0.5.1
[2026-02-18 08:00:02] OK - Versions match (v0.5.1)
[2026-02-18 08:30:02] Local: v0.5.3, VPS: v0.5.1
[2026-02-18 08:30:02] VERSION_MISMATCH - Local: v0.5.3, VPS: v0.5.1
[2026-02-18 08:30:03] Deploying distributions/x-knowledge-graph-v0.5.0.tar...
[2026-02-18 08:30:12] VPS now running: 
[2026-02-18 09:00:03] Local: v0.5.3, VPS: v0.5.1
[2026-02-18 09:00:03] VERSION_MISMATCH - Local: v0.5.3, VPS: v0.5.1
[2026-02-18 09:00:04] Deploying distributions/x-knowledge-graph-v0.5.0.tar...
[2026-02-18 09:00:13] VPS now running: 
[2026-02-18 09:30:03] Local: v0.5.3, VPS: v0.5.3
[2026-02-18 09:30:03] OK - Versions match (v0.5.3)
[2026-02-18 10:00:02] Local: v0.5.3, VPS: v0.5.3
[2026-02-18 10:00:02] OK - Versions match (v0.5.3)
[2026-02-18 10:30:03] Local: v0.5.3, VPS: v0.5.3
[2026-02-18 10:30:03] OK - Versions match (v0.5.3)
[2026-02-18 11:00:03] Local: v0.5.3, VPS: v0.5.3
[2026-02-18 11:00:03] OK - Versions match (v0.5.3)
[2026-02-18 11:30:02] Local: v0.5.3, VPS: v0.5.3
[2026-02-18 11:30:02] OK - Versions match (v0.5.3)
[2026-02-18 12:00:02] Local: v0.5.3, VPS: v0.5.3
[2026-02-18 12:00:02] OK - Versions match (v0.5.3)
[2026-02-18 12:30:03] Local: v0.5.3, VPS: v0.5.3
[2026-02-18 12:30:03] OK - Versions match (v0.5.3)
[2026-02-18 13:00:03] Local: v0.5.3, VPS: v0.5.3
[2026-02-18 13:00:03] OK - Versions match (v0.5.3)
[2026-02-18 13:30:03] Local: v0.5.3, VPS: v0.5.3
[2026-02-18 13:30:03] OK - Versions match (v0.5.3)
[2026-02-18 14:00:04] Local: v0.5.3, VPS: v0.5.3
[2026-02-18 14:00:04] OK - Versions match (v0.5.3)
[2026-02-18 14:30:03] Local: v0.5.3, VPS: v0.5.3
[2026-02-18 14:30:03] OK - Versions match (v0.5.3)
[2026-02-18 15:00:02] Local: v0.5.3, VPS: v0.5.3
[2026-02-18 15:00:03] OK - Versions match (v0.5.3)
[2026-02-18 15:30:02] Local: v0.5.3, VPS: v0.5.3
[2026-02-18 15:30:02] OK - Versions match (v0.5.3)
[2026-02-18 16:00:02] Local: v0.5.3, VPS: v0.5.3
[2026-02-18 16:00:02] OK - Versions match (v0.5.3)
[2026-02-18 16:30:02] Local: v0.5.4, VPS: v0.5.3
[2026-02-18 16:30:02] VERSION_MISMATCH - Local: v0.5.4, VPS: v0.5.3
[2026-02-18 16:30:03] Deploying distributions/x-knowledge-graph-v0.5.0.tar...
[2026-02-18 16:30:13] VPS now running: 
[2026-02-18 17:00:03] Local: v0.5.4, VPS: v0.5.3
[2026-02-18 17:00:03] VERSION_MISMATCH - Local: v0.5.4, VPS: v0.5.3
[2026-02-18 17:00:04] Deploying distributions/x-knowledge-graph-v0.5.0.tar...
[2026-02-18 17:00:14] VPS now running: 
[2026-02-18 17:30:02] Local: v0.5.4, VPS: v0.5.3
[2026-02-18 17:30:02] VERSION_MISMATCH - Local: v0.5.4, VPS: v0.5.3
[2026-02-18 17:30:04] Deploying distributions/x-knowledge-graph-v0.5.0.tar...
[2026-02-18 17:30:13] VPS now running: 
[2026-02-18 18:00:03] Local: v0.5.4, VPS: v0.5.3
[2026-02-18 18:00:03] VERSION_MISMATCH - Local: v0.5.4, VPS: v0.5.3
[2026-02-18 18:00:04] Deploying distributions/x-knowledge-graph-v0.5.0.tar...
[2026-02-18 18:00:13] VPS now running: 
[2026-02-18 18:30:02] Local: v0.5.4, VPS: v0.5.3
[2026-02-18 18:30:02] VERSION_MISMATCH - Local: v0.5.4, VPS: v0.5.3
[2026-02-18 18:30:03] Deploying distributions/x-knowledge-graph-v0.5.0.tar...
[2026-02-18 18:30:13] VPS now running: 
[2026-02-18 19:00:02] Local: v0.5.4, VPS: v0.5.3
[2026-02-18 19:00:02] VERSION_MISMATCH - Local: v0.5.4, VPS: v0.5.3
[2026-02-18 19:00:04] Deploying distributions/x-knowledge-graph-v0.5.0.tar...
[2026-02-18 19:00:13] VPS now running: 
[2026-02-18 19:30:03] Local: v0.5.4, VPS: v0.5.3
[2026-02-18 19:30:03] VERSION_MISMATCH - Local: v0.5.4, VPS: v0.5.3
[2026-02-18 19:30:04] Deploying distributions/x-knowledge-graph-v0.5.0.tar...
[2026-02-18 19:30:13] VPS now running: 
[2026-02-18 20:00:02] Local: v0.5.4, VPS: v0.5.3
[2026-02-18 20:00:02] VERSION_MISMATCH - Local: v0.5.4, VPS: v0.5.3
[2026-02-18 20:00:03] Deploying distributions/x-knowledge-graph-v0.5.0.tar...
[2026-02-18 20:00:13] VPS now running: 
[2026-02-18 20:30:02] Local: v0.5.4, VPS: v0.5.3
[2026-02-18 20:30:02] VERSION_MISMATCH - Local: v0.5.4, VPS: v0.5.3
[2026-02-18 20:30:04] Deploying distributions/x-knowledge-graph-v0.5.0.tar...
[2026-02-18 20:30:13] VPS now running: 
[2026-02-18 21:00:02] Local: v0.5.4, VPS: v0.5.3
[2026-02-18 21:00:02] VERSION_MISMATCH - Local: v0.5.4, VPS: v0.5.3
[2026-02-18 21:00:03] Deploying distributions/x-knowledge-graph-v0.5.0.tar...
[2026-02-18 21:00:13] VPS now running: 
[2026-02-18 21:30:02] Local: v0.5.4, VPS: v0.5.3
[2026-02-18 21:30:02] VERSION_MISMATCH - Local: v0.5.4, VPS: v0.5.3
[2026-02-18 21:30:04] Deploying distributions/x-knowledge-graph-v0.5.0.tar...
[2026-02-18 21:30:13] VPS now running: 
[2026-02-18 22:00:03] Local: v0.5.4, VPS: v0.5.3
[2026-02-18 22:00:03] VERSION_MISMATCH - Local: v0.5.4, VPS: v0.5.3
[2026-02-18 22:00:04] Deploying distributions/x-knowledge-graph-v0.5.0.tar...
[2026-02-18 22:00:14] VPS now running: 
[2026-02-18 22:30:04] Local: v0.5.4, VPS: v0.5.3
[2026-02-18 22:30:04] VERSION_MISMATCH - Local: v0.5.4, VPS: v0.5.3
[2026-02-18 22:30:05] Deploying distributions/x-knowledge-graph-v0.5.0.tar...
[2026-02-18 22:30:14] VPS now running: 
[2026-02-18 23:00:03] Local: v0.5.4, VPS: v0.5.3
[2026-02-18 23:00:03] VERSION_MISMATCH - Local: v0.5.4, VPS: v0.5.3
[2026-02-18 23:00:04] Deploying distributions/x-knowledge-graph-v0.5.0.tar...
[2026-02-18 23:00:14] VPS now running: 
[2026-02-18 23:30:02] Local: v0.5.4, VPS: v0.5.3
[2026-02-18 23:30:02] VERSION_MISMATCH - Local: v0.5.4, VPS: v0.5.3
[2026-02-18 23:30:03] Deploying distributions/x-knowledge-graph-v0.5.0.tar...
[2026-02-18 23:30:12] VPS now running: 
[2026-02-19 00:00:02] Local: v0.5.4, VPS: v0.5.3
[2026-02-19 00:00:02] VERSION_MISMATCH - Local: v0.5.4, VPS: v0.5.3
[2026-02-19 00:00:03] Deploying distributions/x-knowledge-graph-v0.5.0.tar...
[2026-02-19 00:00:13] VPS now running: 
[2026-02-19 00:30:02] Local: v0.5.4, VPS: v0.5.3
[2026-02-19 00:30:02] VERSION_MISMATCH - Local: v0.5.4, VPS: v0.5.3
[2026-02-19 00:30:03] Deploying distributions/x-knowledge-graph-v0.5.0.tar...
[2026-02-19 00:30:12] VPS now running: 
[2026-02-19 01:00:02] Local: v0.5.4, VPS: v0.5.3
[2026-02-19 01:00:02] VERSION_MISMATCH - Local: v0.5.4, VPS: v0.5.3
[2026-02-19 01:00:04] Deploying distributions/x-knowledge-graph-v0.5.0.tar...
[2026-02-19 01:00:13] VPS now running: 
[2026-02-19 01:30:03] Local: v0.5.4, VPS: v0.5.3
[2026-02-19 01:30:03] VERSION_MISMATCH - Local: v0.5.4, VPS: v0.5.3
[2026-02-19 01:30:04] Deploying distributions/x-knowledge-graph-v0.5.0.tar...
[2026-02-19 01:30:13] VPS now running: 
[2026-02-19 02:00:02] Local: v0.5.4, VPS: v0.5.3
[2026-02-19 02:00:02] VERSION_MISMATCH - Local: v0.5.4, VPS: v0.5.3
[2026-02-19 02:00:03] Deploying distributions/x-knowledge-graph-v0.5.0.tar...
[2026-02-19 02:00:13] VPS now running: 
[2026-02-19 02:30:03] Local: v0.5.4, VPS: v0.5.3
[2026-02-19 02:30:03] VERSION_MISMATCH - Local: v0.5.4, VPS: v0.5.3
[2026-02-19 02:30:04] Deploying distributions/x-knowledge-graph-v0.5.0.tar...
[2026-02-19 02:30:13] VPS now running: 
[2026-02-19 03:00:02] Local: v0.5.4, VPS: v0.5.3
[2026-02-19 03:00:02] VERSION_MISMATCH - Local: v0.5.4, VPS: v0.5.3
[2026-02-19 03:00:03] Deploying distributions/x-knowledge-graph-v0.5.0.tar...
[2026-02-19 03:00:13] VPS now running: 
[2026-02-19 03:30:03] Local: v0.5.4, VPS: v0.5.3
[2026-02-19 03:30:03] VERSION_MISMATCH - Local: v0.5.4, VPS: v0.5.3
[2026-02-19 03:30:04] Deploying distributions/x-knowledge-graph-v0.5.0.tar...
[2026-02-19 03:30:13] VPS now running: 
[2026-02-19 04:00:02] Local: v0.5.4, VPS: v0.5.3
[2026-02-19 04:00:02] VERSION_MISMATCH - Local: v0.5.4, VPS: v0.5.3
[2026-02-19 04:00:03] Deploying distributions/x-knowledge-graph-v0.5.0.tar...
[2026-02-19 04:00:13] VPS now running: 
[2026-02-19 04:30:02] Local: v0.5.4, VPS: v0.5.3
[2026-02-19 04:30:02] VERSION_MISMATCH - Local: v0.5.4, VPS: v0.5.3
[2026-02-19 04:30:03] Deploying distributions/x-knowledge-graph-v0.5.0.tar...
[2026-02-19 04:30:12] VPS now running: 
[2026-02-19 05:00:02] Local: v0.5.4, VPS: v0.5.3
[2026-02-19 05:00:02] VERSION_MISMATCH - Local: v0.5.4, VPS: v0.5.3
[2026-02-19 05:00:03] Deploying distributions/x-knowledge-graph-v0.5.0.tar...
[2026-02-19 05:00:13] VPS now running: 
[2026-02-19 05:30:02] Local: v0.5.4, VPS: v0.5.3
[2026-02-19 05:30:02] VERSION_MISMATCH - Local: v0.5.4, VPS: v0.5.3
[2026-02-19 05:30:04] Deploying distributions/x-knowledge-graph-v0.5.0.tar...
[2026-02-19 05:30:14] VPS now running: 
[2026-02-19 06:00:03] Local: v0.5.4, VPS: v0.5.3
[2026-02-19 06:00:03] VERSION_MISMATCH - Local: v0.5.4, VPS: v0.5.3
[2026-02-19 06:00:07] Deploying distributions/x-knowledge-graph-v0.5.0.tar...
[2026-02-19 06:00:16] VPS now running: 
[2026-02-19 06:30:02] Local: v0.5.4, VPS: v0.5.3
[2026-02-19 06:30:02] VERSION_MISMATCH - Local: v0.5.4, VPS: v0.5.3
[2026-02-19 06:30:04] Deploying distributions/x-knowledge-graph-v0.5.0.tar...
[2026-02-19 06:30:13] VPS now running: 
[2026-02-19 07:00:02] Local: v0.5.4, VPS: v0.5.3
[2026-02-19 07:00:02] VERSION_MISMATCH - Local: v0.5.4, VPS: v0.5.3
[2026-02-19 07:00:04] Deploying distributions/x-knowledge-graph-v0.5.0.tar...
[2026-02-19 07:00:13] VPS now running: 
[2026-02-19 07:30:02] Local: v0.5.4, VPS: v0.5.4
[2026-02-19 07:30:02] OK - Versions match (v0.5.4)
[2026-02-19 08:00:02] Local: v0.5.4, VPS: v0.5.4
[2026-02-19 08:00:02] OK - Versions match (v0.5.4)
[2026-02-19 08:30:02] Local: v0.5.5, VPS: v0.5.4
[2026-02-19 08:30:02] VERSION_MISMATCH - Local: v0.5.5, VPS: v0.5.4
[2026-02-19 08:30:03] Deploying distributions/x-knowledge-graph-v0.5.0.tar...
[2026-02-19 08:30:14] VPS now running: 
[2026-02-19 09:00:03] Local: v0.5.5, VPS: v0.5.4
[2026-02-19 09:00:03] VERSION_MISMATCH - Local: v0.5.5, VPS: v0.5.4
[2026-02-19 09:00:03] Deploying distributions/x-knowledge-graph-v0.5.5.tar...
[2026-02-19 09:00:13] VPS now running: 
